INFO: [VRFC 10-163] Analyzing VHDL file "E:/Computer Architecture/4bit-NanoProcessor-main/4bit-NanoProcessor-main/NanoProcessor_VBasic/NanoProcessor_V1/NanoProcessor_V1.srcs/sources_1/new/Decoder_3_to_8.vhd" into library xil_defaultlib
INFO: [VRFC 10-307] analyzing entity Decoder_3_to_8
INFO: [VRFC 10-163] Analyzing VHDL file "E:/Computer Architecture/4bit-NanoProcessor-main/4bit-NanoProcessor-main/NanoProcessor_VBasic/NanoProcessor_V1/NanoProcessor_V1.srcs/sources_1/new/Instruction_Decoder.vhd" into library xil_defaultlib
INFO: [VRFC 10-307] analyzing entity Instruction_Decoder
INFO: [VRFC 10-163] Analyzing VHDL file "E:/Computer Architecture/4bit-NanoProcessor-main/4bit-NanoProcessor-main/NanoProcessor_VBasic/NanoProcessor_V1/NanoProcessor_V1.srcs/sources_1/new/LUT_16_7.vhd" into library xil_defaultlib
INFO: [VRFC 10-307] analyzing entity LUT_16_7
INFO: [VRFC 10-163] Analyzing VHDL file "E:/Computer Architecture/4bit-NanoProcessor-main/4bit-NanoProcessor-main/NanoProcessor_VBasic/NanoProcessor_V1/NanoProcessor_V1.srcs/sources_1/new/MUX_2_way_3_bit.vhd" into library xil_defaultlib
INFO: [VRFC 10-307] analyzing entity MUX_2_way_3_bit
INFO: [VRFC 10-163] Analyzing VHDL file "E:/Computer Architecture/4bit-NanoProcessor-main/4bit-NanoProcessor-main/NanoProcessor_VBasic/NanoProcessor_V1/NanoProcessor_V1.srcs/sources_1/new/MUX_2_way_4_bit.vhd" into library xil_defaultlib
INFO: [VRFC 10-307] analyzing entity MUX_2_way_4_bit
INFO: [VRFC 10-163] Analyzing VHDL file "E:/Computer Architecture/4bit-NanoProcessor-main/4bit-NanoProcessor-main/NanoProcessor_VBasic/NanoProcessor_V1/NanoProcessor_V1.srcs/sources_1/new/MUX_8_way_4_bit.vhd" into library xil_defaultlib
INFO: [VRFC 10-307] analyzing entity MUX_8_way_4_bit
INFO: [VRFC 10-163] Analyzing VHDL file "E:/Computer Architecture/4bit-NanoProcessor-main/4bit-NanoProcessor-main/NanoProcessor_VBasic/NanoProcessor_V1/NanoProcessor_V1.srcs/sources_1/new/NanoProcessor.vhd" into library xil_defaultlib
INFO: [VRFC 10-307] analyzing entity NanoProcessor
INFO: [VRFC 10-163] Analyzing VHDL file "E:/Computer Architecture/4bit-NanoProcessor-main/4bit-NanoProcessor-main/NanoProcessor_VBasic/NanoProcessor_V1/NanoProcessor_V1.srcs/sources_1/new/Program_ROM.vhd" into library xil_defaultlib
INFO: [VRFC 10-307] analyzing entity Program_ROM
INFO: [VRFC 10-163] Analyzing VHDL file "E:/Computer Architecture/4bit-NanoProcessor-main/4bit-NanoProcessor-main/NanoProcessor_VBasic/NanoProcessor_V1/NanoProcessor_V1.srcs/sources_1/new/Register_4bit.vhd" into library xil_defaultlib
INFO: [VRFC 10-307] analyzing entity Register_4bit
INFO: [VRFC 10-163] Analyzing VHDL file "E:/Computer Architecture/4bit-NanoProcessor-main/4bit-NanoProcessor-main/NanoProcessor_VBasic/NanoProcessor_V1/NanoProcessor_V1.srcs/sources_1/new/Register_Bank.vhd" into library xil_defaultlib
INFO: [VRFC 10-307] analyzing entity Register_Bank
INFO: [VRFC 10-163] Analyzing VHDL file "E:/Computer Architecture/4bit-NanoProcessor-main/4bit-NanoProcessor-main/NanoProcessor_VBasic/NanoProcessor_V1/NanoProcessor_V1.srcs/sources_1/new/Slow_Clock.vhd" into library xil_defaultlib
INFO: [VRFC 10-307] analyzing entity Slow_Clock
INFO: [VRFC 10-163] Analyzing VHDL file "E:/Computer Architecture/4bit-NanoProcessor-main/4bit-NanoProcessor-main/NanoProcessor_VBasic/NanoProcessor_V1/NanoProcessor_V1.srcs/sim_1/new/TB_Nanoprocessor.vhd" into library xil_defaultlib
INFO: [VRFC 10-307] analyzing entity TB_Nanoprocessor
